<?xml version="1.0" encoding="UTF-8"?>
<!-- Generated by org.testng.reporters.JUnitReportReporter -->
<testsuite skipped="0" hostname="LT070987" name="com.testcase.VerifyLoginTest" tests="1" failures="0" timestamp="17 Apr 2020 07:24:49 GMT" time="22.284" errors="0">
  <testcase name="VerifyValidLogin" time="22.284" classname="com.testcase.VerifyLoginTest"/>
</testsuite> <!-- com.testcase.VerifyLoginTest -->
