<?xml version="1.0" encoding="UTF-8"?>
<!-- Generated by org.testng.reporters.JUnitReportReporter -->
<testsuite skipped="0" hostname="LT070987" name="com.testcase.LoginTest" tests="2" failures="0" timestamp="28 Apr 2020 10:36:16 GMT" time="8.430" errors="0">
  <testcase name="VerifyLoginSuccess" time="7.284" classname="com.testcase.LoginTest"/>
  <testcase name="VerifyLoginOutFail" time="1.146" classname="com.testcase.LoginTest"/>
</testsuite> <!-- com.testcase.LoginTest -->
